0 info it worked if it ends with ok
1 verbose cli [ 'C:\\nodejs\\node.exe',
1 verbose cli   'C:\\nodejs\\node_modules\\npm\\bin\\npm-cli.js',
1 verbose cli   'run',
1 verbose cli   'prod' ]
2 info using npm@3.10.10
3 info using node@v6.11.2
4 verbose run-script [ 'preprod', 'prod', 'postprod' ]
5 info lifecycle webpack-demo@1.0.0~preprod: webpack-demo@1.0.0
6 silly lifecycle webpack-demo@1.0.0~preprod: no script for preprod, continuing
7 info lifecycle webpack-demo@1.0.0~prod: webpack-demo@1.0.0
8 verbose lifecycle webpack-demo@1.0.0~prod: unsafe-perm in lifecycle true
9 verbose lifecycle webpack-demo@1.0.0~prod: PATH: C:\nodejs\node_modules\npm\bin\node-gyp-bin;E:\webpack-projs\webpack-demo\node_modules\.bin;%SystemRoot%\system32\WindowsPowerShell\v1.0\;D:\Python27\;D:\Python27\Scripts;d:\Ruby22-x64\bin;C:\ProgramData\Oracle\Java\javapath;C:\Windows\system32;C:\Windows;C:\Windows\System32\Wbem;C:\Windows\System32\WindowsPowerShell\v1.0\;d:\Program Files\Git\cmd;D:\Java\jdk1.8.0_121\bin;D:\Program Files\TortoiseSVN\bin;D:\adt-bundle-windows-x86_64-20130522\sdk\platform-tools;D:\adt-bundle-windows-x86_64-20130522\sdk\tools;D:\Program Files\TortoiseGit\bin;C:\Go\bin;C:\Users\Fane\go\src;C:\nodejs\;C:\Users\Fane\AppData\Local\atom\bin;d:\Program Files (x86)\Microsoft VS Code\bin;C:\Users\Fane\AppData\Local\Programs\Fiddler;C:\Users\Fane\AppData\Roaming\npm
10 verbose lifecycle webpack-demo@1.0.0~prod: CWD: E:\webpack-projs\webpack-demo
11 silly lifecycle webpack-demo@1.0.0~prod: Args: [ '/d /s /c', 'webpack -p' ]
12 silly lifecycle webpack-demo@1.0.0~prod: Returned: code: 2  signal: null
13 info lifecycle webpack-demo@1.0.0~prod: Failed to exec prod script
14 verbose stack Error: webpack-demo@1.0.0 prod: `webpack -p`
14 verbose stack Exit status 2
14 verbose stack     at EventEmitter.<anonymous> (C:\nodejs\node_modules\npm\lib\utils\lifecycle.js:255:16)
14 verbose stack     at emitTwo (events.js:106:13)
14 verbose stack     at EventEmitter.emit (events.js:191:7)
14 verbose stack     at ChildProcess.<anonymous> (C:\nodejs\node_modules\npm\lib\utils\spawn.js:40:14)
14 verbose stack     at emitTwo (events.js:106:13)
14 verbose stack     at ChildProcess.emit (events.js:191:7)
14 verbose stack     at maybeClose (internal/child_process.js:891:16)
14 verbose stack     at Process.ChildProcess._handle.onexit (internal/child_process.js:226:5)
15 verbose pkgid webpack-demo@1.0.0
16 verbose cwd E:\webpack-projs\webpack-demo
17 error Windows_NT 6.1.7601
18 error argv "C:\\nodejs\\node.exe" "C:\\nodejs\\node_modules\\npm\\bin\\npm-cli.js" "run" "prod"
19 error node v6.11.2
20 error npm  v3.10.10
21 error code ELIFECYCLE
22 error webpack-demo@1.0.0 prod: `webpack -p`
22 error Exit status 2
23 error Failed at the webpack-demo@1.0.0 prod script 'webpack -p'.
23 error Make sure you have the latest version of node.js and npm installed.
23 error If you do, this is most likely a problem with the webpack-demo package,
23 error not with npm itself.
23 error Tell the author that this fails on your system:
23 error     webpack -p
23 error You can get information on how to open an issue for this project with:
23 error     npm bugs webpack-demo
23 error Or if that isn't available, you can get their info via:
23 error     npm owner ls webpack-demo
23 error There is likely additional logging output above.
24 verbose exit [ 1, true ]
